   Compiling proc-macro2 v1.0.101
   Compiling unicode-ident v1.0.12
   Compiling libc v0.2.172
   Compiling cfg-if v1.0.3
   Compiling serde_core v1.0.228
   Compiling serde v1.0.228
   Compiling memchr v2.7.5
   Compiling autocfg v1.3.0
   Compiling smallvec v1.14.0
   Compiling foldhash v0.1.4
   Compiling equivalent v1.0.1
   Compiling portable-atomic v1.10.0
   Compiling critical-section v1.2.0
   Compiling itoa v1.0.15
   Compiling bytes v1.10.1
   Compiling pin-project-lite v0.2.14
   Compiling version_check v0.9.4
   Compiling allocator-api2 v0.2.21
   Compiling parking_lot_core v0.9.9
   Compiling scopeguard v1.2.0
   Compiling ryu v1.0.17
   Compiling lock_api v0.4.11
   Compiling serde_json v1.0.140
   Compiling shlex v1.3.0
   Compiling libm v0.2.8
   Compiling litemap v0.7.3
   Compiling writeable v0.5.5
   Compiling percent-encoding v2.3.1
   Compiling num-traits v0.2.19
   Compiling icu_locid_transform_data v1.5.0
   Compiling icu_properties_data v1.5.0
   Compiling write16 v1.0.0
   Compiling utf16_iter v1.0.5
   Compiling icu_normalizer_data v1.5.0
   Compiling utf8_iter v1.0.4
   Compiling ppv-lite86 v0.2.17
   Compiling futures-core v0.3.31
   Compiling slab v0.4.9
   Compiling rustc-hash v2.1.1
   Compiling either v1.10.0
   Compiling futures-sink v0.3.31
   Compiling futures-channel v0.3.31
   Compiling hashbrown v0.15.5
   Compiling pin-utils v0.1.0
   Compiling futures-io v0.3.31
   Compiling futures-task v0.3.31
   Compiling thiserror v2.0.12
   Compiling quote v1.0.37
   Compiling syn v2.0.87
   Compiling log v0.4.28
   Compiling anyhow v1.0.98
   Compiling aho-corasick v1.1.3
   Compiling getrandom v0.2.14
   Compiling rand_core v0.6.4
   Compiling once_cell v1.21.3
   Compiling signal-hook-registry v1.4.2
   Compiling socket2 v0.6.0
   Compiling jobserver v0.1.32
   Compiling parking_lot v0.12.3
   Compiling cc v1.2.16
   Compiling rand_chacha v0.3.1
   Compiling regex-syntax v0.8.3
   Compiling subtle v2.5.0
   Compiling rand v0.8.5
   Compiling stable_deref_trait v1.2.0
   Compiling ahash v0.8.11
   Compiling tracing-core v0.1.33
   Compiling data-encoding v2.5.0
   Compiling typenum v1.17.0
   Compiling generic-array v0.14.7
   Compiling radium v0.7.0
   Compiling tap v1.0.1
   Compiling wyz v0.5.1
   Compiling num-integer v0.1.46
   Compiling outref v0.5.1
   Compiling vsimd v0.8.0
   Compiling funty v2.0.0
   Compiling if_chain v1.0.2
   Compiling unicode-id-start v1.2.0
   Compiling glob v0.3.1
   Compiling rustversion v1.0.15
   Compiling synstructure v0.13.1
   Compiling base64-simd v0.8.0
   Compiling regex-automata v0.4.6
   Compiling itertools v0.13.0
   Compiling byteorder v1.5.0
   Compiling minimal-lexical v0.2.1
   Compiling static_assertions v1.1.0
   Compiling adler2 v2.0.0
   Compiling const-oid v0.9.6
   Compiling crc32fast v1.4.2
   Compiling nom v7.1.3
   Compiling libloading v0.8.5
   Compiling errno v0.3.10
   Compiling sptr v0.3.2
   Compiling clang-sys v1.8.1
   Compiling mio v1.0.3
   Compiling cmake v0.1.50
   Compiling form_urlencoded v1.2.1
   Compiling cpufeatures v0.2.12
   Compiling writeable v0.6.2
   Compiling litemap v0.8.0
   Compiling fnv v1.0.7
   Compiling heck v0.5.0
   Compiling prettyplease v0.2.17
   Compiling core_maths v0.1.1
   Compiling pkg-config v0.3.30
   Compiling paste v1.0.15
   Compiling bitvec v1.0.1
   Compiling icu_locale_data v2.1.1
   Compiling serde_derive v1.0.228
   Compiling zerofrom-derive v0.1.4
   Compiling displaydoc v0.2.4
   Compiling tokio-macros v2.5.0
   Compiling yoke-derive v0.7.4
   Compiling zerovec-derive v0.10.3
   Compiling icu_provider_macros v1.5.0
   Compiling futures-macro v0.3.31
   Compiling zeroize_derive v1.4.2
   Compiling thiserror-impl v2.0.12
   Compiling tracing-attributes v0.1.28
   Compiling deno_error_macro v0.7.0
   Compiling futures-util v0.3.31
   Compiling regex v1.10.6
   Compiling zeroize v1.8.1
   Compiling zerofrom v0.1.4
   Compiling yoke-derive v0.8.0
   Compiling zerovec-derive v0.11.1
   Compiling capacity_builder_macros v0.3.0
   Compiling sys_traits_macros v0.1.0
   Compiling tokio v1.47.1
   Compiling async-trait v0.1.88
   Compiling cexpr v0.6.0
   Compiling yoke v0.7.4
   Compiling boxed_error v0.2.3
   Compiling pin-project-internal v1.1.5
   Compiling zerotrie v0.2.2
   Compiling crypto-common v0.1.6
   Compiling block-buffer v0.10.4
   Compiling calendrical_calculations v0.2.3
   Compiling digest v0.10.7
   Compiling miniz_oxide v0.8.8
   Compiling zerovec v0.10.4
   Compiling pin-project v1.1.5
   Compiling futures-executor v0.3.31
   Compiling futures v0.3.31
   Compiling rustix v0.38.34
   Compiling icu_calendar_data v2.1.1
   Compiling unicode-width v0.1.13
   Compiling home v0.5.9
   Compiling strck v1.0.0
   Compiling bindgen v0.72.1
   Compiling bit-vec v0.8.0
   Compiling ixdtf v0.6.4
   Compiling bit-set v0.8.0
   Compiling sha1_smol v1.0.0
   Compiling gzip-header v1.0.0
   Compiling fslock v0.2.1
   Compiling termcolor v1.4.1
   Compiling diplomat-runtime v0.13.1
   Compiling vcpkg v0.2.15
   Compiling siphasher v0.3.11
   Compiling bitflags v2.9.3
   Compiling indexmap v2.9.0
   Compiling num-bigint v0.4.6
   Compiling serde_bytes v0.11.14
   Compiling hipstr v0.6.0
   Compiling ecow v0.2.3
   Compiling tinystr v0.7.6
   Compiling icu_collections v1.5.0
   Compiling icu_locid v1.5.0
   Compiling capacity_builder v0.5.0
   Compiling chrono v0.4.42
   Compiling icu_provider v1.5.0
   Compiling diplomat_core v0.13.0
   Compiling uuid v1.8.0
   Compiling zerocopy-derive v0.7.32
   Compiling icu_locid_transform v1.5.0
   Compiling http v1.1.0
   Compiling filetime v0.2.23
   Compiling which v6.0.1
   Compiling strum_macros v0.27.1
   Compiling proc-macro-rules-macros v0.4.0
   Compiling memoffset v0.9.1
   Compiling az v1.2.1
   Compiling zerocopy v0.7.32
   Compiling icu_properties v1.5.1
   Compiling dunce v1.0.5
   Compiling proc-macro-rules v0.4.0
   Compiling bincode v1.3.3
   Compiling sha2 v0.10.8
   Compiling stringcase v0.4.0
   Compiling diplomat v0.13.0
   Compiling deno_core_icudata v0.74.0
   Compiling cooked-waker v5.0.0
   Compiling tracing v0.1.41
   Compiling hashbrown v0.14.5
   Compiling phf_shared v0.11.2
   Compiling thiserror v1.0.69
   Compiling phf_generator v0.11.2
   Compiling icu_normalizer v1.5.0
   Compiling thiserror-impl v1.0.69
   Compiling swc_macros_common v1.0.1
   Compiling strum v0.27.1
   Compiling idna_adapter v1.2.0
   Compiling cfg_aliases v0.2.1
   Compiling idna v1.0.3
   Compiling new_debug_unreachable v1.0.6
   Compiling fs_extra v1.3.0
   Compiling base64 v0.22.1
   Compiling aws-lc-sys v0.29.0
   Compiling url v2.5.4
   Compiling deno_ops v0.244.0
   Compiling phf_macros v0.11.2
   Compiling debugid v0.8.0
   Compiling bytes-str v0.2.7
   Compiling deno_terminal v0.2.3
   Compiling libz-sys v1.1.20
   Compiling deno_error v0.7.0
   Compiling aws-lc-rs v1.13.1
   Compiling tower-service v0.3.3
   Compiling scoped-tls v1.0.1
   Compiling ast_node v3.0.4
   Compiling better_scoped_tls v1.0.1
   Compiling from_variant v2.0.2
   Compiling swc_visit v2.0.1
   Compiling arrayvec v0.7.4
   Compiling swc_eq_ignore_macros v1.0.1
   Compiling nix v0.27.1
   Compiling http-body v1.0.0
   Compiling block-padding v0.3.3
   Compiling rustls-pki-types v1.12.0
   Compiling inout v0.1.3
   Compiling yoke v0.8.0
   Compiling ring v0.17.14
   Compiling untrusted v0.7.1
   Compiling crossbeam-utils v0.8.21
   Compiling httparse v1.10.0
   Compiling Inflector v0.11.4
   Compiling v8 v142.0.0
   Compiling is-macro v0.3.5
   Compiling cipher v0.4.4
   Compiling string_enum v1.0.2
   Compiling zerovec v0.11.4
   Compiling which v8.0.0
   Compiling ipnetwork v0.20.0
   Compiling try-lock v0.2.5
   Compiling fqdn v0.4.6
   Compiling untrusted v0.9.0
   Compiling want v0.3.1
   Compiling atomic-waker v1.1.2
   Compiling httpdate v1.0.3
   Compiling socket2 v0.5.5
   Compiling rustls v0.23.28
   Compiling base64ct v1.6.0
   Compiling sys_traits v0.1.17
   Compiling hmac v0.12.1
   Compiling bytemuck_derive v1.8.1
   Compiling psm v0.1.21
   Compiling aes v0.8.3
   Compiling stacker v0.1.15
   Compiling smartstring v1.0.1
   Compiling deno_path_util v0.6.4
   Compiling tinystr v0.8.1
   Compiling potential_utf v0.1.3
   Compiling bytemuck v1.21.0
   Compiling pem-rfc7468 v0.7.0
   Compiling http-body-util v0.1.2
   Compiling icu_locale_core v2.1.1
   Compiling der_derive v0.7.3
   Compiling getrandom v0.3.3
   Compiling icu_collections v2.1.1
   Compiling der v0.7.9
   Compiling icu_provider v2.1.1
   Compiling resb v0.1.1
   Compiling pbkdf2 v0.12.2
   Compiling password-hash v0.5.0
   Compiling salsa20 v0.10.2
   Compiling deno_unsync v0.4.4
   Compiling tinyvec_macros v0.1.1
   Compiling seq-macro v0.3.6
   Compiling tinyvec v1.6.0
   Compiling scrypt v0.11.0
   Compiling zoneinfo64 v0.2.1
   Compiling icu_locale v2.1.1
   Compiling cbc v0.1.2
   Compiling tower-layer v0.3.3
   Compiling timezone_provider v0.1.1
   Compiling rand_core v0.9.3
   Compiling sha1 v0.10.6
   Compiling ryu-js v1.0.1
   Compiling data-url v0.3.1
   Compiling sync_wrapper v1.0.1
   Compiling rand_chacha v0.9.0
   Compiling icu_calendar v2.1.1
   Compiling encoding_rs v0.8.35
   Compiling base64 v0.21.7
   Compiling rand v0.9.1
   Compiling crossbeam-epoch v0.9.18
   Compiling spki v0.7.3
   Compiling pkcs5 v0.7.1
   Compiling par-core v2.0.0
   Compiling pkcs8 v0.10.2
   Compiling num_cpus v1.16.0
   Compiling monch v0.5.0
   Compiling temporal_rs v0.1.1
   Compiling crossbeam-channel v0.5.15
   Compiling wasm_dep_analyzer v0.4.0
   Compiling sourcemap v9.2.0
   Compiling prost-derive v0.13.3
   Compiling temporal_capi v0.1.0
   Compiling derive-io-macros v0.4.1
   Compiling base16ct v0.2.0
   Compiling bitflags v1.3.2
   Compiling serdect v0.2.0
   Compiling async-stream-impl v0.3.5
   Compiling ff v0.13.0
   Compiling ipnet v2.9.0
   Compiling semver-parser v0.7.0
   Compiling semver v0.9.0
   Compiling async-stream v0.3.5
   Compiling group v0.13.0
   Compiling phf v0.11.2
   Compiling sec1 v0.7.3
   Compiling hkdf v0.12.4
   Compiling webpki-roots v0.26.1
   Compiling rustls-pemfile v2.1.2
   Compiling tokio-util v0.7.16
   Compiling triomphe v0.1.13
   Compiling signature v2.2.0
   Compiling crypto-bigint v0.5.5
   Compiling dlopen2_derive v0.4.0
   Compiling signal-hook v0.3.17
   Compiling base32 v0.5.1
   Compiling alloc-no-stdlib v2.0.4
   Compiling syn v1.0.109
   Compiling dlopen2 v0.6.1
   Compiling alloc-stdlib v0.2.2
   Compiling hstr v2.1.0
   Compiling rustc_version v0.2.3
   Compiling os_pipe v1.2.1
   Compiling moka v0.12.10
   Compiling heck v0.4.1
   Compiling fs3 v0.5.0
   Compiling swc_atoms v7.0.0
   Compiling enum-as-inner v0.6.0
   Compiling brotli-decompressor v4.0.1
   Compiling safe_arch v0.7.4
   Compiling swc_sourcemap v9.3.4
   Compiling bindgen v0.71.1
   Compiling match_cfg v0.1.0
   Compiling winapi v0.3.9
   Compiling tagptr v0.2.0
   Compiling hostname v0.3.1
   Compiling wide v0.7.33
   Compiling brotli v6.0.0
   Compiling swc_common v14.0.4
   Compiling rfc6979 v0.4.0
   Compiling swc_config_macro v1.0.1
   Compiling quinn-udp v0.5.8
   Compiling siphasher v1.0.1
   Compiling rayon-core v1.12.1
   Compiling quick-error v1.2.3
   Compiling spin v0.9.8
   Compiling mime v0.3.17
   Compiling lazy_static v1.5.0
   Compiling resolv-conf v0.7.0
   Compiling fastbloom v0.9.0
   Compiling deno_native_certs v0.3.0
   Compiling rustls-webpki v0.102.8
   Compiling crossbeam-deque v0.8.5
   Compiling dashmap v5.5.3
   Compiling bumpalo v3.19.0
   Compiling indexmap v1.9.3
   Compiling unicode-xid v0.2.6
   Compiling lru-slab v0.1.2
   Compiling rustc-hash v1.1.0
   Compiling utf8parse v0.2.1
   Compiling quinn v0.11.8
   Compiling castaway v0.2.3
   Compiling pathdiff v0.2.1
   Compiling unicode-width v0.2.0
   Compiling hex v0.4.3
   Compiling swc_ecma_ast v15.0.0
   Compiling hashbrown v0.12.3
   Compiling rayon v1.10.0
   Compiling compact_str v0.7.1
   Compiling serde_v8 v0.277.0
   Compiling deno_core v0.368.0
   Compiling swc_ecma_codegen_macros v2.0.2
   Compiling text_lines v0.6.0
   Compiling cranelift-isle v0.116.1
   Compiling semver v1.0.25
   Compiling ascii v1.1.0
   Compiling simdutf8 v0.1.4
   Compiling h2 v0.4.7
   Compiling flate2 v1.0.35
   Compiling libsqlite3-sys v0.32.0
   Compiling axum v0.7.5
   Compiling heapless v0.8.0
   Compiling fallible-streaming-iterator v0.1.9
   Compiling cranelift-codegen-shared v0.116.1
   Compiling fallible-iterator v0.3.0
   Compiling cranelift-codegen-meta v0.116.1
   Compiling axum-core v0.4.5
   Compiling foreign-types-macros v0.2.3
   Compiling hash32 v0.3.1
   Compiling foreign-types-shared v0.3.1
   Compiling target-lexicon v0.13.2
   Compiling cranelift-bitset v0.116.1
   Compiling matchit v0.7.3
   Compiling hyper v1.6.0
   Compiling cranelift-entity v0.116.1
   Compiling cranelift-codegen v0.116.1
   Compiling foreign-types v0.5.0
   Compiling opentelemetry v0.27.0
   Compiling swc_ecma_transforms_macros v1.0.1
   Compiling lazy-regex-proc_macros v3.1.0
   Compiling hyper-util v0.1.17
   Compiling denokv_proto v0.12.0
   Compiling dyn-clone v1.0.17
   Compiling arbitrary v1.4.1
   Compiling swc_ecma_lexer v23.0.2
   Compiling swc_ecma_visit v15.0.0
   Compiling cranelift-control v0.116.1
   Compiling cranelift-bforest v0.116.1
   Compiling diff v0.1.13
   Compiling same-file v1.0.6
   Compiling unic-char-range v0.9.0
   Compiling error_reporter v1.0.0
   Compiling unic-common v0.9.0
   Compiling yansi v1.0.1
   Compiling unic-ucd-version v0.9.0
   Compiling unic-char-property v0.9.0
   Compiling walkdir v2.5.0
   Compiling pretty_assertions v1.4.1
   Compiling rustc_version v0.4.0
   Compiling nix v0.29.0
   Compiling naga v24.0.0
   Compiling strum_macros v0.26.4
   Compiling swc_ecma_utils v21.0.0
   Compiling malloc_buf v0.0.6
   Compiling bstr v1.9.1
   Compiling twox-hash v2.1.0
   Compiling simd-adler32 v0.3.7
   Compiling fastrand v2.3.0
   Compiling strum v0.26.3
   Compiling objc v0.2.7
   Compiling curve25519-dalek v4.1.3
   Compiling unic-ucd-ident v0.9.0
   Compiling gpu-descriptor-types v0.2.0
   Compiling spirv v0.3.0+sdk-1.3.268.0
   Compiling codespan-reporting v0.11.1
   Compiling universal-hash v0.5.1
   Compiling float-cmp v0.9.0
   Compiling hexf-parse v0.2.1
   Compiling ref-cast v1.0.22
   Compiling adler v1.0.2
   Compiling time-core v0.1.2
   Compiling utf-8 v0.7.6
   Compiling cache_control v0.2.0
   Compiling khronos-egl v6.0.0
   Compiling opaque-debug v0.3.1
   Compiling powerfmt v0.2.0
   Compiling num-conv v0.1.0
   Compiling ash v0.38.0+1.3.281
   Compiling block v0.1.6
   Compiling num-bigint-dig v0.8.4
   Compiling time-macros v0.2.18
   Compiling deranged v0.3.11
   Compiling polyval v0.6.2
   Compiling miniz_oxide v0.7.2
   Compiling fdeflate v0.3.4
   Compiling swc_ecma_parser v24.0.3
   Compiling synstructure v0.12.6
   Compiling elliptic-curve v0.13.8
   Compiling prost v0.13.3
   Compiling derive-io v0.4.1
   Compiling wgpu-hal v24.0.0
   Compiling tokio-stream v0.1.16
   Compiling gpu-alloc-types v0.3.0
   Compiling ref-cast-impl v1.0.22
   Compiling http v0.2.12
   Compiling num-iter v0.1.44
   Compiling thread_local v1.1.8
   Compiling path-clean v0.1.0
   Compiling gpu-alloc v0.6.0
   Compiling asn1-rs-derive v0.4.0
   Compiling swc_ecma_transforms_base v27.0.0
   Compiling time v0.3.36
   Compiling vsock v0.5.1
   Compiling ghash v0.5.1
   Compiling opentelemetry-http v0.27.0
   Compiling asn1-rs-impl v0.1.0
   Compiling hickory-proto v0.25.2
   Compiling ctr v0.9.2
   Compiling aead v0.5.2
   Compiling rusticata-macros v4.1.0
   Compiling ordered-float v4.6.0
   Compiling netif v0.1.6
   Compiling profiling v1.0.15
   Compiling raw-window-handle v0.6.1
   Compiling glow v0.16.0
   Compiling wtf8 v0.1.0
   Compiling zune-core v0.4.12
   Compiling fixedbitset v0.5.7
   Compiling tokio-vsock v0.7.1
   Compiling zune-jpeg v0.4.13
   Compiling petgraph v0.7.1
   Compiling ecdsa v0.16.9
   Compiling asn1-rs v0.5.2
   Compiling deno_semver v0.9.1
   Compiling pkcs1 v0.7.5
   Compiling wgpu-core v24.0.0
   Compiling lcms2-sys v4.0.5
   Compiling auto_impl v1.2.0
   Compiling hickory-resolver v0.25.2
   Compiling libffi-sys v3.3.3
   Compiling nom v5.1.3
   Compiling oid-registry v0.6.1
   Compiling byteorder-lite v0.1.0
   Compiling litrs v0.4.1
   Compiling document-features v0.2.10
   Compiling rsa v0.9.6
   Compiling x25519-dalek v2.0.1
   Compiling http-body v0.4.6
   Compiling primeorder v0.13.6
   Compiling async-compression v0.4.11
   Compiling tower v0.4.13
   Compiling swc_allocator v4.0.1
   Compiling swc_config v3.1.2
   Compiling deno_media_type v0.2.9
   Compiling ron v0.8.1
   Compiling hashlink v0.10.0
   Compiling crc-catalog v1.1.1
   Compiling swc_bundler v32.0.0
   Compiling core-foundation-sys v0.8.6
   Compiling opentelemetry-semantic-conventions v0.27.0
   Compiling core-foundation v0.9.4
   Compiling crc v2.1.0
   Compiling rusqlite v0.34.0
   Compiling swc_ecma_transforms_react v30.0.2
   Compiling tower-http v0.6.1
   Compiling swc_ecma_codegen v17.0.2
   Compiling swc_graph_analyzer v14.0.1
   Compiling der-parser v8.2.0
   Compiling swc_ecma_transforms_optimization v29.0.0
   Compiling swc_ecma_transforms_classes v27.0.0
   Compiling regalloc2 v0.11.1
   Compiling hyper-timeout v0.5.2
   Compiling swc_ecma_loader v14.0.0
   Compiling ed25519 v2.2.3
   Compiling tower v0.5.2
   Compiling tokio-socks v0.5.1
   Compiling web-transport-proto v0.2.7
   Compiling gimli v0.31.1
   Compiling keccak v0.1.5
   Compiling ordered-float v2.10.1
   Compiling itertools v0.14.0
   Compiling nibble_vec v0.1.0
   Compiling fiat-crypto v0.1.20
   Compiling async-once-cell v0.5.4
   Compiling endian-type v0.1.2
   Compiling relative-path v1.9.2
   Compiling radix_fmt v1.0.0
   Compiling dissimilar v1.0.9
   Compiling radix_trie v0.2.1
   Compiling lcms2 v6.1.0
   Compiling serde-value v0.7.0
   Compiling tonic v0.12.3
   Compiling sha3 v0.10.8
   Compiling ed25519-dalek v2.1.1
   Compiling saffron v0.1.0
   Compiling swc_ecma_transforms_proposal v27.0.0
   Compiling x509-parser v0.15.1
   Compiling swc_ecma_transforms_typescript v30.0.1
   Compiling core-graphics-types v0.1.3
   Compiling ed448-goldilocks v0.8.3
   Compiling aead-gcm-stream v0.4.0
   Compiling aes-gcm v0.10.3
   Compiling dsa v0.6.3
   Compiling dprint-swc-ext v0.25.1
   Compiling opentelemetry_sdk v0.27.1
   Compiling aes-kw v0.2.1
   Compiling ecb v0.1.2
   Compiling webpki-root-certs v0.26.6
   Compiling halfbrown v0.2.5
   Compiling sm3 v0.4.2
   Compiling ripemd v0.1.3
   Compiling md-5 v0.10.6
   Compiling md4 v0.10.2
   Compiling blake2 v0.10.6
   Compiling fsevent-sys v4.1.0
   Compiling deno_whoami v0.1.0
   Compiling memmap2 v0.9.5
   Compiling libloading v0.7.4
   Compiling dotenvy v0.15.7
   Compiling unicode-segmentation v1.11.0
   Compiling value-trait v0.10.0
   Compiling metal v0.31.0
   Compiling gpu-descriptor v0.3.0
   Compiling urlpattern v0.3.0
   Compiling globset v0.4.14
   Compiling lazy-regex v3.1.0
   Compiling color-print-proc-macro v0.3.5
   Compiling opentelemetry-proto v0.27.0
   Compiling deno_ast v0.50.3
   Compiling wgpu-types v24.0.0
   Compiling strsim v0.11.1
   Compiling color-print v0.3.5
   Compiling opentelemetry-otlp v0.27.0
   Compiling faster-hex v0.10.0
   Compiling ignore v0.4.20
   Compiling simd-json v0.14.0
   Compiling p384 v0.13.0
   Compiling p256 v0.13.2
   Compiling cranelift-frontend v0.116.1
   Compiling deno_lockfile v0.32.2
   Compiling v8_valueserializer v0.1.1
   Compiling h2 v0.3.26
   Compiling png v0.17.13
   Compiling fastwebsockets v0.8.0
   Compiling tempfile v3.10.1
   Compiling hdrhistogram v7.5.4
   Compiling import_map v0.24.0
   Compiling jsonc-parser v0.27.1
   Compiling tokio-eld v0.2.0
   Compiling image v0.25.4
   Compiling hyper v0.14.28
   Compiling denokv_sqlite v0.12.0
   Compiling deno_npm v0.42.0
   Compiling cranelift v0.116.1
   Compiling cranelift-native v0.116.1
   Compiling denokv_remote v0.12.0
   Compiling deno_cache_dir v0.25.0
   Compiling p224 v0.13.2
   Compiling p521 v0.13.3
   Compiling k256 v0.13.3
   Compiling fd-lock v4.0.2
   Compiling twox-hash v1.6.3
   Compiling rustyline v13.0.0
   Compiling deno_graph v0.103.1
   Compiling notify v6.1.1
   Compiling libffi v4.1.2
   Compiling tokio-metrics v0.3.1
   Compiling anstyle-parse v0.2.3
   Compiling ident_case v1.0.1
   Compiling anstyle-query v1.0.2
   Compiling is_terminal_polyfill v1.70.1
   Compiling colorchoice v1.0.0
   Compiling anstyle v1.0.8
   Compiling anstream v0.6.15
   Compiling darling_core v0.20.10
   Compiling xattr v1.3.1
   Compiling zstd-sys v2.0.15+zstd.1.5.7
   Compiling vte_generate_state_changes v0.1.1
   Compiling darling_macro v0.20.10
   Compiling tar v0.4.43
   Compiling ucd-trie v0.1.6
   Compiling pest v2.7.15
   Compiling rustls-webpki v0.103.3
   Compiling darling v0.20.10
   Compiling rustls-tokio-stream v0.8.0
   Compiling quinn-proto v0.11.12
   Compiling tokio-rustls v0.26.0
   Compiling hyper-rustls v0.27.2
   Compiling deno_tunnel v0.8.0
   Compiling serde_repr v0.1.19
   Compiling bindgen v0.70.1
   Compiling zstd-safe v7.2.4
   Compiling derive_builder_core v0.20.2
   Compiling pest_meta v2.7.15
   Compiling terminal_size v0.4.1
   Compiling dprint-core v0.67.4
   Compiling fluent-uri v0.1.4
   Compiling phf_codegen v0.11.3
   Compiling caseless v0.2.1
   Compiling unicase v2.7.0
   Compiling zip v2.4.1
   Compiling clap_lex v0.7.4
   Compiling debug-ignore v1.0.5
   Compiling dtoa v1.0.10
   Compiling option-ext v0.2.0
   Compiling dtoa-short v0.3.5
   Compiling dirs-sys v0.4.1
   Compiling clap_builder v4.5.47
   Compiling editpe v0.1.0
   Compiling lsp-types v0.97.0
   Compiling selectors v0.30.0
   Compiling derive_builder_macro v0.20.2
   Compiling pest_generator v2.7.15
   Compiling vte v0.13.1
   Compiling dprint-core-macros v0.1.0
   Compiling env_filter v0.1.3
   Compiling unicode-normalization v0.1.23
   Compiling tiny_pretty v0.2.0
   Compiling cssparser-macros v0.6.1
   Compiling derive_more-impl v2.0.1
   Compiling winnow v0.6.26
   Compiling css_dataset v0.4.1
   Compiling text-size v1.1.1
   Compiling unicode_categories v0.1.1
   Compiling humantime v2.1.0
   Compiling deunicode v1.4.3
   Compiling pulldown-cmark v0.11.2
   Compiling countme v3.0.1
   Compiling slug v0.1.5
   Compiling rowan v0.15.15
   Compiling derive_more v2.0.1
   Compiling env_logger v0.11.6
   Compiling cssparser v0.35.0
   Compiling console_static_text v0.8.3
   Compiling libuv-sys-lite v1.48.2
   Compiling zstd v0.13.2
   Compiling pest_derive v2.7.15
   Compiling clap v4.5.47
   Compiling derive_builder v0.20.2
   Compiling libsui v0.10.0
   Compiling dirs v5.0.1
   Compiling vte v0.11.1
   Compiling security-framework-sys v2.14.0
   Compiling core-foundation v0.10.1
   Compiling crossbeam-queue v0.3.11
   Compiling serde_urlencoded v0.7.1
   Compiling asynchronous-codec v0.7.0
   Compiling raffia_macro v0.1.1
   Compiling fxhash v0.2.1
   Compiling servo_arc v0.4.1
   Compiling is_executable v1.0.5
   Compiling convert_case v0.4.0
   Compiling typed-arena v2.0.2
   Compiling precomputed-hash v0.1.1
   Compiling entities v1.0.1
   Compiling napi-build v1.2.1
   Compiling utf8-width v0.1.7
   Compiling arc-swap v1.7.1
   Compiling raffia v0.9.2
   Compiling derive_more v0.99.17
   Compiling comrak v0.29.0
   Compiling html-escape v0.2.13
   Compiling clap_complete v4.5.57
   Compiling zeromq v0.5.0-pre
   Compiling strip-ansi-escapes v0.2.0
   Compiling reqwest v0.12.5
   Compiling security-framework v3.3.0
   Compiling shellexpand v3.1.0
   Compiling handlebars v6.1.0
   Compiling yaml_parser v0.2.1
   Compiling signal-hook-mio v0.2.4
   Compiling hashlink v0.8.4
   Compiling jupyter-protocol v0.8.0
   Compiling rmp v0.8.14
   Compiling deno-tower-lsp-macros v0.11.3
   Compiling path-dedot v3.1.1
   Compiling quick-xml v0.31.0
   Compiling deno_tower_lsp v0.4.3
   Compiling deno_task_shell v0.26.0
   Compiling quick-junit v0.3.6
   Compiling runtimelib v0.28.0
   Compiling pretty_yaml v0.5.0
   Compiling eszip v0.104.0
   Compiling crossterm v0.28.1
   Compiling dprint-plugin-markdown v0.20.0
   Compiling deno_doc v0.186.0
   Compiling markup_fmt v0.22.0
   Compiling keyring v3.6.3
   Compiling malva v0.12.1
   Compiling deno_lint v0.80.0
   Compiling clap_complete_fig v4.5.2
   Compiling lol_html v2.6.0
   Compiling sqlformat v0.3.5
   Compiling dprint-plugin-typescript v0.95.11
   Compiling dprint-plugin-json v0.21.0
   Compiling dprint-plugin-jupyter v0.2.1
   Compiling rustyline-derive v0.7.0
   Compiling open v5.1.2
   Compiling fancy-regex v0.14.0
   Compiling esbuild_client v0.7.1
   Compiling napi-sys v2.2.2
   Compiling bencher v0.1.5
   Compiling weak-table v0.3.2
   Compiling shell-escape v0.1.5
    Finished `dev` profile [unoptimized + debuginfo] target(s) in 1m 49s
